2024-07-27 08:14:24 - ERROR - User logged out
2024-07-27 08:14:29 - ERROR - User logged out
2024-07-27 08:14:34 - INFO - User logged in
2024-07-27 08:14:39 - DEBUG - Reconnected to the server
2024-07-27 08:14:44 - ERROR - User logged out
2024-07-27 08:14:49 - ERROR - User logged in
2024-07-27 08:14:54 - ERROR - Reconnected to the server
2024-07-27 08:14:59 - DEBUG - User logged out
2024-07-27 08:15:04 - DEBUG - Data saved successfully
2024-07-27 08:15:09 - DEBUG - User logged out
2024-07-27 08:15:14 - ERROR - Data saved successfully
2024-07-27 08:15:19 - INFO - Error while processing request
2024-07-27 08:15:24 - DEBUG - File not found
2024-07-27 08:15:29 - ERROR - Reconnected to the server
2024-07-27 08:15:34 - ERROR - File not found
2024-07-27 08:15:39 - WARNING - User logged in
2024-07-27 08:15:44 - DEBUG - User logged out
2024-07-27 08:15:49 - DEBUG - File not found
2024-07-27 08:15:54 - DEBUG - Error while processing request
2024-07-27 08:15:59 - WARNING - Error while processing request
2024-07-27 08:16:04 - INFO - Error while processing request
2024-07-27 08:16:09 - WARNING - Error while processing request
2024-07-27 08:16:14 - ERROR - User logged in
2024-07-27 08:16:19 - INFO - File not found
2024-07-27 08:16:24 - DEBUG - User logged out
2024-07-27 08:16:29 - ERROR - Data saved successfully
2024-07-27 08:16:34 - DEBUG - Reconnected to the server
2024-07-27 08:16:39 - WARNING - Error while processing request
2024-07-27 08:16:44 - WARNING - Reconnected to the server
2024-07-27 08:16:49 - DEBUG - File not found
2024-07-27 08:16:54 - WARNING - User logged out
2024-07-27 08:16:59 - WARNING - Connection lost
2024-07-27 08:17:04 - WARNING - Connection lost
2024-07-27 08:17:09 - INFO - File not found
2024-07-27 08:17:14 - INFO - File not found
2024-07-27 08:17:19 - DEBUG - Error while processing request
2024-07-27 08:17:24 - WARNING - Connection lost
2024-07-27 08:17:29 - WARNING - Data saved successfully
2024-07-27 08:17:34 - DEBUG - Data saved successfully
2024-07-27 08:17:39 - WARNING - Connection lost
2024-07-27 08:17:44 - WARNING - Data saved successfully
2024-07-27 08:17:49 - INFO - File not found
2024-07-27 08:17:54 - INFO - Error while processing request
2024-07-27 08:17:59 - ERROR - Data saved successfully
2024-07-27 08:18:04 - ERROR - Data saved successfully
2024-07-27 08:18:09 - ERROR - User logged out
2024-07-27 08:18:14 - WARNING - File not found
2024-07-27 08:18:19 - ERROR - Reconnected to the server
2024-07-27 08:18:24 - WARNING - File not found
2024-07-27 08:18:29 - INFO - User logged in
2024-07-27 08:18:34 - INFO - Data saved successfully
2024-07-27 08:18:39 - WARNING - Error while processing request
2024-07-27 08:18:44 - DEBUG - Connection lost
2024-07-27 08:18:49 - DEBUG - File not found
2024-07-27 08:18:54 - DEBUG - User logged out
2024-07-27 08:18:59 - WARNING - User logged out
2024-07-27 08:19:04 - INFO - User logged out
2024-07-27 08:19:09 - ERROR - File not found
2024-07-27 08:19:14 - WARNING - Error while processing request
2024-07-27 08:19:19 - INFO - File not found
2024-07-27 08:19:24 - WARNING - Reconnected to the server
2024-07-27 08:19:29 - DEBUG - Connection lost
2024-07-27 08:19:34 - ERROR - Data saved successfully
2024-07-27 08:19:39 - WARNING - User logged out
2024-07-27 08:19:44 - ERROR - User logged out
2024-07-27 08:19:49 - WARNING - Reconnected to the server
2024-07-27 08:19:54 - DEBUG - Error while processing request
2024-07-27 08:19:59 - INFO - File not found
2024-07-27 08:20:04 - DEBUG - Reconnected to the server
2024-07-27 08:20:09 - WARNING - Data saved successfully
2024-07-27 08:20:14 - DEBUG - User logged in
2024-07-27 08:20:19 - INFO - File not found
2024-07-27 08:20:24 - DEBUG - Connection lost
2024-07-27 08:20:29 - WARNING - Reconnected to the server
2024-07-27 08:20:34 - INFO - Data saved successfully
2024-07-27 08:20:39 - WARNING - Error while processing request
2024-07-27 08:20:44 - DEBUG - Reconnected to the server
2024-07-27 08:20:49 - WARNING - User logged out
2024-07-27 08:20:54 - ERROR - Reconnected to the server
2024-07-27 08:20:59 - ERROR - Connection lost
2024-07-27 08:21:04 - DEBUG - User logged in
2024-07-27 08:21:09 - ERROR - Data saved successfully
2024-07-27 08:21:14 - ERROR - File not found
2024-07-27 08:21:19 - ERROR - Error while processing request
2024-07-27 08:21:24 - WARNING - User logged out
2024-07-27 08:21:29 - WARNING - User logged out
2024-07-27 08:21:34 - DEBUG - User logged out
2024-07-27 08:21:39 - WARNING - Reconnected to the server
2024-07-27 08:21:44 - WARNING - Reconnected to the server
2024-07-27 08:21:49 - DEBUG - Connection lost
2024-07-27 08:21:54 - DEBUG - Connection lost
2024-07-27 08:21:59 - WARNING - Error while processing request
2024-07-27 08:22:04 - INFO - User logged out
2024-07-27 08:22:09 - INFO - Reconnected to the server
2024-07-27 08:22:14 - DEBUG - Data saved successfully
2024-07-27 08:22:19 - INFO - User logged out
2024-07-27 08:22:24 - ERROR - File not found
2024-07-27 08:22:29 - DEBUG - File not found
2024-07-27 08:22:34 - DEBUG - User logged out
2024-07-27 08:22:39 - ERROR - File not found
2024-07-27 08:22:44 - WARNING - Error while processing request
2024-07-27 08:22:49 - INFO - Data saved successfully
2024-07-27 08:22:54 - DEBUG - File not found
2024-07-27 08:22:59 - INFO - Data saved successfully
2024-07-27 08:23:04 - DEBUG - Reconnected to the server
2024-07-27 08:23:09 - WARNING - User logged out
2024-07-27 08:23:14 - ERROR - File not found
2024-07-27 08:23:19 - ERROR - Reconnected to the server
2024-07-27 08:23:24 - INFO - File not found
2024-07-27 08:23:29 - ERROR - User logged out
2024-07-27 08:23:34 - ERROR - File not found
2024-07-27 08:23:39 - ERROR - Error while processing request
2024-07-27 08:23:44 - ERROR - File not found
2024-07-27 08:23:49 - INFO - Connection lost
2024-07-27 08:23:54 - INFO - File not found
2024-07-27 08:23:59 - INFO - User logged out
2024-07-27 08:24:04 - DEBUG - User logged in
2024-07-27 08:24:09 - WARNING - User logged out
2024-07-27 08:24:14 - DEBUG - Error while processing request
2024-07-27 08:24:19 - DEBUG - Connection lost
2024-07-27 08:24:24 - DEBUG - Reconnected to the server
2024-07-27 08:24:29 - ERROR - User logged in
2024-07-27 08:24:34 - ERROR - File not found
2024-07-27 08:24:39 - DEBUG - Connection lost
2024-07-27 08:24:44 - WARNING - Error while processing request
2024-07-27 08:24:49 - WARNING - File not found
2024-07-27 08:24:54 - ERROR - Data saved successfully
