2024-07-27 08:14:23 - INFO - Data saved successfully
2024-07-27 08:14:28 - INFO - User logged out
2024-07-27 08:14:33 - DEBUG - Connection lost
2024-07-27 08:14:38 - DEBUG - Data saved successfully
2024-07-27 08:14:43 - WARNING - Reconnected to the server
2024-07-27 08:14:48 - DEBUG - Reconnected to the server
2024-07-27 08:14:53 - INFO - User logged out
2024-07-27 08:14:58 - WARNING - Reconnected to the server
2024-07-27 08:15:03 - ERROR - Reconnected to the server
2024-07-27 08:15:08 - ERROR - Reconnected to the server
2024-07-27 08:15:13 - WARNING - Reconnected to the server
2024-07-27 08:15:18 - WARNING - Error while processing request
2024-07-27 08:15:23 - INFO - User logged in
2024-07-27 08:15:28 - DEBUG - User logged in
2024-07-27 08:15:33 - INFO - File not found
2024-07-27 08:15:38 - DEBUG - File not found
2024-07-27 08:15:43 - WARNING - Data saved successfully
2024-07-27 08:15:48 - ERROR - Reconnected to the server
2024-07-27 08:15:53 - DEBUG - Connection lost
2024-07-27 08:15:58 - ERROR - File not found
2024-07-27 08:16:03 - ERROR - Reconnected to the server
2024-07-27 08:16:08 - ERROR - File not found
2024-07-27 08:16:13 - ERROR - Reconnected to the server
2024-07-27 08:16:18 - INFO - Error while processing request
2024-07-27 08:16:23 - DEBUG - User logged in
2024-07-27 08:16:28 - WARNING - User logged out
2024-07-27 08:16:33 - INFO - Data saved successfully
2024-07-27 08:16:38 - WARNING - Reconnected to the server
2024-07-27 08:16:43 - WARNING - File not found
2024-07-27 08:16:48 - ERROR - User logged out
2024-07-27 08:16:53 - WARNING - Reconnected to the server
2024-07-27 08:16:58 - ERROR - Error while processing request
2024-07-27 08:17:03 - DEBUG - File not found
2024-07-27 08:17:08 - ERROR - Connection lost
2024-07-27 08:17:13 - WARNING - User logged in
2024-07-27 08:17:18 - DEBUG - File not found
2024-07-27 08:17:23 - WARNING - File not found
2024-07-27 08:17:28 - DEBUG - File not found
2024-07-27 08:17:33 - DEBUG - Error while processing request
2024-07-27 08:17:38 - INFO - User logged in
2024-07-27 08:17:43 - ERROR - User logged out
2024-07-27 08:17:48 - WARNING - User logged out
2024-07-27 08:17:53 - ERROR - Reconnected to the server
2024-07-27 08:17:58 - ERROR - Reconnected to the server
2024-07-27 08:18:03 - INFO - Error while processing request
2024-07-27 08:18:08 - DEBUG - Reconnected to the server
2024-07-27 08:18:13 - ERROR - Connection lost
2024-07-27 08:18:18 - WARNING - Reconnected to the server
2024-07-27 08:18:23 - DEBUG - File not found
2024-07-27 08:18:28 - ERROR - Data saved successfully
2024-07-27 08:18:33 - INFO - Error while processing request
2024-07-27 08:18:38 - WARNING - Error while processing request
2024-07-27 08:18:43 - WARNING - User logged out
2024-07-27 08:18:48 - DEBUG - User logged out
2024-07-27 08:18:53 - INFO - Connection lost
2024-07-27 08:18:58 - DEBUG - Data saved successfully
2024-07-27 08:19:04 - WARNING - File not found
2024-07-27 08:19:09 - INFO - Error while processing request
2024-07-27 08:19:14 - WARNING - Connection lost
2024-07-27 08:19:19 - ERROR - File not found
2024-07-27 08:19:24 - DEBUG - Data saved successfully
2024-07-27 08:19:29 - INFO - Connection lost
2024-07-27 08:19:34 - WARNING - Connection lost
2024-07-27 08:19:39 - DEBUG - File not found
2024-07-27 08:19:44 - WARNING - User logged in
2024-07-27 08:19:49 - INFO - User logged out
2024-07-27 08:19:54 - WARNING - File not found
2024-07-27 08:19:59 - WARNING - User logged out
2024-07-27 08:20:04 - INFO - Data saved successfully
2024-07-27 08:20:09 - ERROR - Reconnected to the server
2024-07-27 08:20:14 - ERROR - Reconnected to the server
2024-07-27 08:20:19 - ERROR - File not found
2024-07-27 08:20:24 - ERROR - Error while processing request
2024-07-27 08:20:29 - WARNING - Connection lost
2024-07-27 08:20:34 - WARNING - Connection lost
2024-07-27 08:20:39 - WARNING - Reconnected to the server
2024-07-27 08:20:44 - WARNING - Reconnected to the server
2024-07-27 08:20:49 - DEBUG - File not found
2024-07-27 08:20:54 - ERROR - Data saved successfully
2024-07-27 08:20:59 - WARNING - Data saved successfully
2024-07-27 08:21:04 - WARNING - User logged out
2024-07-27 08:21:09 - WARNING - Error while processing request
2024-07-27 08:21:14 - DEBUG - File not found
2024-07-27 08:21:19 - ERROR - User logged in
2024-07-27 08:21:24 - WARNING - Data saved successfully
2024-07-27 08:21:29 - INFO - Connection lost
2024-07-27 08:21:34 - WARNING - User logged out
2024-07-27 08:21:39 - DEBUG - Data saved successfully
2024-07-27 08:21:44 - INFO - File not found
2024-07-27 08:21:49 - ERROR - File not found
2024-07-27 08:21:54 - INFO - Reconnected to the server
2024-07-27 08:21:59 - WARNING - Reconnected to the server
2024-07-27 08:22:04 - INFO - User logged out
2024-07-27 08:22:09 - INFO - Connection lost
2024-07-27 08:22:14 - DEBUG - Data saved successfully
2024-07-27 08:22:19 - WARNING - Data saved successfully
2024-07-27 08:22:24 - WARNING - Error while processing request
2024-07-27 08:22:29 - DEBUG - User logged out
2024-07-27 08:22:34 - DEBUG - Connection lost
2024-07-27 08:22:39 - ERROR - Connection lost
2024-07-27 08:22:44 - DEBUG - Reconnected to the server
2024-07-27 08:22:49 - INFO - Error while processing request
2024-07-27 08:22:54 - INFO - Reconnected to the server
2024-07-27 08:22:59 - ERROR - Connection lost
2024-07-27 08:23:04 - INFO - File not found
2024-07-27 08:23:09 - WARNING - File not found
2024-07-27 08:23:14 - WARNING - User logged out
2024-07-27 08:23:19 - INFO - User logged out
