2024-07-27 06:50:41 - WARNING - Connection lost
2024-07-27 06:50:46 - ERROR - File not found
2024-07-27 06:50:51 - WARNING - Reconnected to the server
2024-07-27 06:50:56 - DEBUG - User logged in
2024-07-27 06:51:01 - DEBUG - Error while processing request
2024-07-27 06:51:06 - ERROR - Data saved successfully
2024-07-27 06:51:11 - INFO - File not found
2024-07-27 06:51:16 - DEBUG - Data saved successfully
2024-07-27 06:51:21 - WARNING - Connection lost
2024-07-27 06:51:26 - DEBUG - User logged in
2024-07-27 06:51:31 - ERROR - Reconnected to the server
2024-07-27 06:51:36 - DEBUG - User logged in
2024-07-27 06:51:41 - INFO - Reconnected to the server
2024-07-27 06:51:46 - INFO - File not found
2024-07-27 06:51:51 - INFO - Error while processing request
2024-07-27 06:51:56 - ERROR - Reconnected to the server
2024-07-27 06:52:01 - ERROR - Error while processing request
2024-07-27 06:52:06 - ERROR - User logged out
2024-07-27 06:52:11 - DEBUG - User logged in
2024-07-27 06:52:16 - ERROR - File not found
2024-07-27 06:52:21 - DEBUG - User logged in
2024-07-27 06:52:26 - INFO - User logged out
2024-07-27 06:52:31 - INFO - Connection lost
2024-07-27 06:52:36 - WARNING - Reconnected to the server
2024-07-27 06:52:41 - WARNING - Data saved successfully
2024-07-27 06:52:46 - INFO - Reconnected to the server
2024-07-27 06:52:51 - INFO - User logged out
2024-07-27 06:52:56 - DEBUG - File not found
2024-07-27 06:53:01 - WARNING - File not found
2024-07-27 06:53:06 - ERROR - User logged out
2024-07-27 06:53:11 - WARNING - Connection lost
2024-07-27 06:53:16 - DEBUG - File not found
2024-07-27 06:53:21 - ERROR - Reconnected to the server
2024-07-27 06:53:26 - ERROR - User logged out
2024-07-27 06:53:31 - ERROR - User logged in
2024-07-27 06:53:36 - DEBUG - Connection lost
2024-07-27 06:53:41 - DEBUG - Error while processing request
2024-07-27 06:53:47 - INFO - File not found
2024-07-27 06:53:52 - INFO - User logged out
2024-07-27 06:53:57 - ERROR - File not found
2024-07-27 06:54:02 - ERROR - Connection lost
2024-07-27 06:54:07 - DEBUG - Reconnected to the server
2024-07-27 06:54:12 - WARNING - Error while processing request
2024-07-27 06:54:17 - INFO - Error while processing request
2024-07-27 06:54:22 - DEBUG - Data saved successfully
2024-07-27 06:54:27 - WARNING - Error while processing request
2024-07-27 06:54:32 - INFO - Error while processing request
2024-07-27 06:54:37 - ERROR - User logged in
2024-07-27 06:54:42 - INFO - Data saved successfully
2024-07-27 06:54:47 - DEBUG - Data saved successfully
2024-07-27 06:54:52 - INFO - Reconnected to the server
2024-07-27 06:54:57 - ERROR - Error while processing request
2024-07-27 06:55:02 - ERROR - Connection lost
2024-07-27 06:55:07 - INFO - Reconnected to the server
2024-07-27 06:55:12 - ERROR - Reconnected to the server
2024-07-27 06:55:17 - WARNING - File not found
2024-07-27 06:55:22 - ERROR - Data saved successfully
2024-07-27 06:55:27 - ERROR - Connection lost
2024-07-27 06:55:32 - INFO - File not found
2024-07-27 06:55:37 - DEBUG - Error while processing request
2024-07-27 06:55:42 - ERROR - Data saved successfully
2024-07-27 06:55:47 - INFO - Connection lost
2024-07-27 06:55:52 - DEBUG - Reconnected to the server
2024-07-27 06:55:57 - ERROR - File not found
2024-07-27 06:56:02 - ERROR - Reconnected to the server
2024-07-27 06:56:07 - WARNING - User logged in
2024-07-27 06:56:12 - WARNING - Connection lost
2024-07-27 06:56:17 - DEBUG - File not found
2024-07-27 06:56:22 - WARNING - Error while processing request
2024-07-27 06:56:27 - WARNING - Connection lost
2024-07-27 06:56:32 - INFO - File not found
2024-07-27 06:56:37 - WARNING - File not found
2024-07-27 06:56:42 - INFO - Error while processing request
2024-07-27 06:56:47 - WARNING - Connection lost
2024-07-27 06:56:52 - ERROR - Error while processing request
2024-07-27 06:56:57 - ERROR - Data saved successfully
2024-07-27 06:57:02 - ERROR - Reconnected to the server
2024-07-27 06:57:07 - INFO - Data saved successfully
2024-07-27 06:57:12 - DEBUG - Reconnected to the server
2024-07-27 06:57:17 - INFO - User logged out
2024-07-27 06:57:22 - WARNING - Connection lost
2024-07-27 06:57:27 - DEBUG - Connection lost
2024-07-27 06:57:32 - DEBUG - User logged out
2024-07-27 06:57:37 - INFO - Error while processing request
2024-07-27 06:57:42 - INFO - User logged out
2024-07-27 06:57:47 - WARNING - Data saved successfully
2024-07-27 06:57:52 - DEBUG - Error while processing request
2024-07-27 06:57:57 - DEBUG - Data saved successfully
2024-07-27 06:58:02 - WARNING - Connection lost
2024-07-27 06:58:07 - WARNING - Data saved successfully
2024-07-27 06:58:12 - WARNING - Reconnected to the server
2024-07-27 06:58:17 - INFO - Error while processing request
2024-07-27 06:58:22 - WARNING - Error while processing request
2024-07-27 06:58:27 - ERROR - User logged in
2024-07-27 06:58:32 - INFO - User logged in
2024-07-27 06:58:37 - INFO - User logged out
2024-07-27 06:58:42 - ERROR - Reconnected to the server
2024-07-27 06:58:47 - INFO - Connection lost
2024-07-27 06:58:52 - DEBUG - Reconnected to the server
2024-07-27 06:58:57 - INFO - Connection lost
2024-07-27 06:59:02 - DEBUG - Error while processing request
2024-07-27 06:59:07 - WARNING - Reconnected to the server
2024-07-27 06:59:12 - WARNING - Reconnected to the server
2024-07-27 06:59:17 - INFO - User logged in
2024-07-27 06:59:22 - INFO - Error while processing request
2024-07-27 06:59:27 - ERROR - Reconnected to the server
2024-07-27 06:59:32 - INFO - Error while processing request
2024-07-27 06:59:37 - WARNING - File not found
2024-07-27 06:59:42 - ERROR - User logged out
2024-07-27 06:59:47 - ERROR - Error while processing request
2024-07-27 06:59:52 - WARNING - Error while processing request
2024-07-27 06:59:57 - WARNING - Connection lost
2024-07-27 07:00:02 - ERROR - File not found
2024-07-27 07:00:07 - INFO - User logged in
2024-07-27 07:00:12 - DEBUG - Connection lost
2024-07-27 07:00:17 - ERROR - User logged out
2024-07-27 07:00:22 - DEBUG - Reconnected to the server
2024-07-27 07:00:27 - INFO - User logged out
2024-07-27 07:00:32 - INFO - User logged out
2024-07-27 07:00:37 - DEBUG - User logged out
2024-07-27 07:00:42 - DEBUG - Data saved successfully
2024-07-27 07:00:47 - INFO - Connection lost
2024-07-27 07:00:52 - INFO - Connection lost
2024-07-27 07:00:57 - ERROR - Data saved successfully
2024-07-27 07:01:02 - DEBUG - Error while processing request
2024-07-27 07:01:07 - INFO - User logged out
2024-07-27 07:01:12 - DEBUG - User logged out
2024-07-27 07:01:17 - ERROR - User logged in
2024-07-27 07:01:22 - DEBUG - User logged out
2024-07-27 07:01:27 - WARNING - User logged in
2024-07-27 07:01:32 - DEBUG - File not found
2024-07-27 07:01:37 - DEBUG - Error while processing request
2024-07-27 07:01:42 - ERROR - User logged out
2024-07-27 07:01:47 - DEBUG - User logged out
2024-07-27 07:01:52 - DEBUG - File not found
2024-07-27 07:01:57 - INFO - Data saved successfully
2024-07-27 07:02:02 - INFO - User logged out
2024-07-27 07:02:07 - DEBUG - File not found
2024-07-27 07:02:12 - WARNING - Error while processing request
2024-07-27 07:02:17 - DEBUG - Connection lost
2024-07-27 07:02:22 - ERROR - File not found
2024-07-27 07:02:27 - WARNING - Error while processing request
2024-07-27 07:02:32 - WARNING - Error while processing request
2024-07-27 07:02:37 - ERROR - Reconnected to the server
2024-07-27 07:02:42 - ERROR - Connection lost
2024-07-27 07:02:47 - DEBUG - User logged out
2024-07-27 07:02:52 - DEBUG - User logged in
2024-07-27 07:02:57 - WARNING - File not found
2024-07-27 07:03:02 - ERROR - Connection lost
2024-07-27 07:03:07 - ERROR - Connection lost
2024-07-27 07:03:12 - INFO - File not found
2024-07-27 07:03:17 - WARNING - File not found
2024-07-27 07:03:22 - WARNING - Data saved successfully
2024-07-27 07:03:27 - INFO - Error while processing request
2024-07-27 07:03:32 - INFO - User logged out
2024-07-27 07:03:37 - DEBUG - Connection lost
2024-07-27 07:03:42 - WARNING - Connection lost
2024-07-27 07:03:47 - ERROR - Reconnected to the server
2024-07-27 07:03:52 - INFO - User logged out
2024-07-27 07:03:57 - WARNING - User logged out
2024-07-27 07:04:02 - INFO - Error while processing request
2024-07-27 07:04:07 - WARNING - Reconnected to the server
2024-07-27 07:04:12 - DEBUG - User logged out
2024-07-27 07:04:17 - WARNING - File not found
2024-07-27 07:04:22 - DEBUG - Connection lost
2024-07-27 07:04:27 - DEBUG - Connection lost
2024-07-27 07:04:32 - INFO - File not found
2024-07-27 07:04:37 - INFO - Data saved successfully
2024-07-27 07:04:42 - ERROR - File not found
2024-07-27 07:04:47 - ERROR - File not found
2024-07-27 07:04:52 - WARNING - Error while processing request
2024-07-27 07:04:57 - ERROR - Data saved successfully
2024-07-27 07:05:02 - DEBUG - Connection lost
2024-07-27 07:05:07 - INFO - Error while processing request
2024-07-27 07:05:12 - ERROR - Connection lost
2024-07-27 07:05:17 - WARNING - Error while processing request
2024-07-27 07:05:22 - DEBUG - User logged in
2024-07-27 07:05:27 - ERROR - Error while processing request
2024-07-27 07:05:32 - INFO - User logged in
2024-07-27 07:05:37 - INFO - Data saved successfully
2024-07-27 07:05:42 - INFO - Error while processing request
2024-07-27 07:05:47 - INFO - User logged out
2024-07-27 07:05:52 - ERROR - File not found
2024-07-27 07:05:57 - WARNING - User logged out
2024-07-27 07:06:02 - ERROR - Error while processing request
2024-07-27 07:06:07 - ERROR - Error while processing request
2024-07-27 07:06:12 - DEBUG - Data saved successfully
2024-07-27 07:06:17 - ERROR - Connection lost
2024-07-27 07:06:23 - DEBUG - Data saved successfully
2024-07-27 07:06:28 - DEBUG - User logged in
2024-07-27 07:06:33 - DEBUG - File not found
2024-07-27 07:06:38 - ERROR - Data saved successfully
2024-07-27 07:06:43 - WARNING - Error while processing request
2024-07-27 07:06:48 - INFO - User logged out
2024-07-27 07:06:53 - ERROR - File not found
2024-07-27 07:06:58 - INFO - Connection lost
2024-07-27 07:07:03 - INFO - File not found
2024-07-27 07:07:08 - WARNING - Connection lost
2024-07-27 07:07:13 - INFO - Reconnected to the server
2024-07-27 07:07:18 - INFO - File not found
2024-07-27 07:07:23 - WARNING - Reconnected to the server
2024-07-27 07:07:28 - DEBUG - Data saved successfully
2024-07-27 07:07:33 - DEBUG - Connection lost
2024-07-27 07:07:38 - ERROR - File not found
2024-07-27 07:07:43 - DEBUG - User logged out
2024-07-27 07:07:48 - DEBUG - Connection lost
2024-07-27 07:07:53 - INFO - User logged out
2024-07-27 07:07:58 - ERROR - Reconnected to the server
2024-07-27 07:08:03 - INFO - Error while processing request
2024-07-27 07:08:08 - INFO - Connection lost
2024-07-27 07:08:13 - DEBUG - User logged in
2024-07-27 07:08:18 - DEBUG - User logged out
2024-07-27 07:08:23 - INFO - User logged out
2024-07-27 07:08:28 - WARNING - User logged in
2024-07-27 07:08:33 - ERROR - User logged in
2024-07-27 07:08:38 - ERROR - Error while processing request
2024-07-27 07:08:43 - INFO - User logged in
2024-07-27 07:08:48 - DEBUG - Reconnected to the server
2024-07-27 07:08:53 - INFO - User logged in
2024-07-27 07:08:58 - DEBUG - User logged in
2024-07-27 07:09:03 - INFO - User logged in
2024-07-27 07:09:08 - ERROR - User logged in
2024-07-27 07:09:13 - ERROR - Data saved successfully
2024-07-27 07:09:18 - INFO - Reconnected to the server
2024-07-27 07:09:23 - DEBUG - Connection lost
2024-07-27 07:09:28 - INFO - Reconnected to the server
2024-07-27 07:09:33 - WARNING - Reconnected to the server
2024-07-27 07:09:38 - DEBUG - File not found
2024-07-27 07:09:43 - WARNING - Connection lost
2024-07-27 07:09:48 - ERROR - Reconnected to the server
2024-07-27 07:09:53 - INFO - Data saved successfully
2024-07-27 07:09:58 - DEBUG - File not found
2024-07-27 07:10:03 - INFO - Data saved successfully
2024-07-27 07:10:08 - ERROR - File not found
2024-07-27 07:10:13 - DEBUG - Error while processing request
2024-07-27 07:10:18 - INFO - Error while processing request
2024-07-27 07:10:23 - WARNING - Reconnected to the server
2024-07-27 07:10:28 - WARNING - File not found
2024-07-27 07:10:33 - INFO - Connection lost
2024-07-27 07:10:38 - ERROR - Reconnected to the server
2024-07-27 07:10:43 - WARNING - Error while processing request
2024-07-27 07:10:48 - ERROR - User logged in
2024-07-27 07:10:53 - WARNING - User logged out
2024-07-27 07:10:58 - DEBUG - Error while processing request
2024-07-27 07:11:03 - ERROR - Reconnected to the server
2024-07-27 07:11:08 - WARNING - Reconnected to the server
2024-07-27 07:11:13 - INFO - User logged in
2024-07-27 07:11:18 - DEBUG - File not found
2024-07-27 07:11:23 - ERROR - User logged in
2024-07-27 07:11:28 - ERROR - Error while processing request
2024-07-27 07:11:33 - ERROR - Data saved successfully
2024-07-27 07:11:38 - INFO - User logged out
2024-07-27 07:11:43 - ERROR - User logged in
2024-07-27 07:11:48 - ERROR - Connection lost
2024-07-27 07:11:53 - WARNING - Reconnected to the server
2024-07-27 07:11:58 - WARNING - Reconnected to the server
2024-07-27 07:12:03 - DEBUG - Connection lost
2024-07-27 07:12:08 - ERROR - File not found
2024-07-27 07:12:13 - WARNING - File not found
2024-07-27 07:12:18 - ERROR - Error while processing request
2024-07-27 07:12:23 - ERROR - User logged out
2024-07-27 07:12:28 - ERROR - Reconnected to the server
2024-07-27 07:12:33 - DEBUG - User logged in
2024-07-27 07:12:38 - DEBUG - Connection lost
2024-07-27 07:12:43 - WARNING - Reconnected to the server
2024-07-27 07:12:48 - ERROR - Reconnected to the server
2024-07-27 07:12:53 - INFO - Data saved successfully
2024-07-27 07:12:58 - ERROR - User logged in
2024-07-27 07:13:03 - DEBUG - Reconnected to the server
2024-07-27 07:13:08 - INFO - Connection lost
2024-07-27 07:13:13 - DEBUG - Connection lost
2024-07-27 07:13:18 - DEBUG - Data saved successfully
2024-07-27 07:13:23 - INFO - Error while processing request
2024-07-27 07:13:28 - DEBUG - Reconnected to the server
2024-07-27 07:13:33 - INFO - Reconnected to the server
2024-07-27 07:13:38 - DEBUG - File not found
2024-07-27 07:13:43 - ERROR - User logged out
2024-07-27 07:13:48 - ERROR - Connection lost
2024-07-27 07:13:53 - DEBUG - Error while processing request
2024-07-27 07:13:58 - ERROR - Reconnected to the server
2024-07-27 07:14:03 - ERROR - User logged in
2024-07-27 07:14:08 - DEBUG - File not found
2024-07-27 07:14:13 - WARNING - Data saved successfully
2024-07-27 07:14:18 - DEBUG - User logged in
2024-07-27 07:14:23 - INFO - User logged out
2024-07-27 07:14:28 - DEBUG - Data saved successfully
2024-07-27 07:14:33 - WARNING - User logged out
2024-07-27 07:14:38 - WARNING - File not found
2024-07-27 07:14:43 - INFO - File not found
2024-07-27 07:14:48 - ERROR - User logged in
2024-07-27 07:14:53 - DEBUG - File not found
2024-07-27 07:14:58 - WARNING - Connection lost
2024-07-27 07:15:03 - WARNING - Reconnected to the server
2024-07-27 07:15:08 - DEBUG - File not found
2024-07-27 07:15:13 - WARNING - Error while processing request
2024-07-27 07:15:18 - ERROR - File not found
2024-07-27 07:15:23 - WARNING - File not found
2024-07-27 07:15:28 - INFO - User logged in
2024-07-27 07:15:33 - ERROR - Error while processing request
2024-07-27 07:15:38 - WARNING - Reconnected to the server
2024-07-27 07:15:43 - INFO - User logged out
2024-07-27 07:15:48 - WARNING - User logged out
2024-07-27 07:15:53 - DEBUG - User logged in
2024-07-27 07:15:58 - INFO - Reconnected to the server
2024-07-27 07:16:03 - DEBUG - User logged out
2024-07-27 07:16:08 - WARNING - File not found
2024-07-27 07:16:13 - INFO - File not found
2024-07-27 07:50:42 - INFO - File not found
2024-07-27 07:50:47 - WARNING - File not found
2024-07-27 07:50:52 - DEBUG - Data saved successfully
2024-07-27 07:50:58 - DEBUG - Error while processing request
2024-07-27 07:51:03 - ERROR - Connection lost
2024-07-27 07:51:08 - ERROR - User logged in
2024-07-27 07:51:13 - ERROR - File not found
2024-07-27 07:51:18 - ERROR - Error while processing request
2024-07-27 07:51:23 - DEBUG - File not found
2024-07-27 07:51:28 - WARNING - File not found
2024-07-27 07:51:33 - ERROR - Data saved successfully
2024-07-27 07:51:38 - INFO - Connection lost
2024-07-27 07:51:43 - DEBUG - User logged out
2024-07-27 07:51:48 - INFO - User logged in
2024-07-27 07:51:53 - DEBUG - File not found
2024-07-27 07:51:58 - WARNING - Connection lost
2024-07-27 07:52:03 - INFO - User logged in
2024-07-27 07:52:08 - ERROR - User logged out
2024-07-27 07:52:13 - WARNING - User logged in
2024-07-27 07:52:18 - INFO - User logged in
2024-07-27 07:52:23 - ERROR - Reconnected to the server
2024-07-27 07:52:28 - INFO - Reconnected to the server
2024-07-27 07:52:33 - WARNING - Connection lost
2024-07-27 07:52:38 - DEBUG - User logged out
2024-07-27 07:52:43 - WARNING - Error while processing request
2024-07-27 07:52:48 - WARNING - User logged out
2024-07-27 07:52:53 - DEBUG - User logged in
2024-07-27 07:52:58 - DEBUG - Error while processing request
2024-07-27 07:53:03 - DEBUG - File not found
2024-07-27 07:53:08 - DEBUG - File not found
2024-07-27 07:53:13 - WARNING - User logged in
2024-07-27 07:53:18 - INFO - File not found
2024-07-27 07:53:23 - ERROR - Error while processing request
2024-07-27 07:53:28 - WARNING - User logged out
2024-07-27 07:53:33 - WARNING - Data saved successfully
2024-07-27 07:53:38 - ERROR - User logged in
2024-07-27 07:53:43 - ERROR - Data saved successfully
2024-07-27 07:53:48 - DEBUG - Connection lost
2024-07-27 07:53:53 - ERROR - Reconnected to the server
2024-07-27 07:53:58 - INFO - Reconnected to the server
2024-07-27 07:54:03 - ERROR - File not found
2024-07-27 07:54:08 - DEBUG - Error while processing request
2024-07-27 07:54:13 - WARNING - User logged in
2024-07-27 07:54:18 - WARNING - User logged in
2024-07-27 07:54:23 - WARNING - Reconnected to the server
2024-07-27 07:54:28 - DEBUG - Data saved successfully
2024-07-27 07:54:33 - INFO - User logged out
2024-07-27 07:54:38 - ERROR - Error while processing request
2024-07-27 07:54:43 - WARNING - File not found
2024-07-27 07:54:48 - ERROR - Data saved successfully
2024-07-27 07:54:53 - ERROR - Reconnected to the server
2024-07-27 07:54:58 - DEBUG - Connection lost
2024-07-27 07:55:03 - ERROR - File not found
2024-07-27 07:55:08 - ERROR - Data saved successfully
2024-07-27 07:55:13 - ERROR - Reconnected to the server
2024-07-27 07:55:18 - INFO - User logged out
2024-07-27 07:55:23 - WARNING - User logged in
2024-07-27 07:55:28 - WARNING - Reconnected to the server
2024-07-27 07:55:33 - WARNING - Error while processing request
2024-07-27 07:55:38 - DEBUG - Data saved successfully
2024-07-27 07:55:43 - WARNING - Error while processing request
2024-07-27 07:55:48 - ERROR - Connection lost
2024-07-27 07:55:53 - ERROR - Error while processing request
2024-07-27 07:55:58 - DEBUG - User logged in
2024-07-27 07:56:03 - ERROR - File not found
2024-07-27 07:56:08 - DEBUG - File not found
2024-07-27 07:56:13 - ERROR - Reconnected to the server
2024-07-27 07:56:18 - ERROR - Connection lost
2024-07-27 07:56:23 - ERROR - Error while processing request
2024-07-27 07:56:28 - ERROR - Reconnected to the server
2024-07-27 07:56:33 - DEBUG - User logged in
2024-07-27 07:56:38 - WARNING - Reconnected to the server
2024-07-27 07:56:43 - ERROR - User logged in
2024-07-27 07:56:48 - WARNING - User logged out
2024-07-27 07:56:53 - WARNING - Data saved successfully
2024-07-27 07:56:58 - DEBUG - Error while processing request
